[1008/104129.452:ERROR:prune_crash_reports.cc(36)] PruneCrashReportDatabase: Failed to get pending reports
[1008/105248.227:ERROR:prune_crash_reports.cc(36)] PruneCrashReportDatabase: Failed to get pending reports
[1008/105702.848:ERROR:prune_crash_reports.cc(36)] PruneCrashReportDatabase: Failed to get pending reports
[1008/110129.247:ERROR:prune_crash_reports.cc(36)] PruneCrashReportDatabase: Failed to get pending reports
[1008/110308.628:ERROR:prune_crash_reports.cc(36)] PruneCrashReportDatabase: Failed to get pending reports
[1008/110403.369:ERROR:prune_crash_reports.cc(36)] PruneCrashReportDatabase: Failed to get pending reports
[1008/115142.825:ERROR:prune_crash_reports.cc(36)] PruneCrashReportDatabase: Failed to get pending reports
[1008/115427.581:ERROR:prune_crash_reports.cc(36)] PruneCrashReportDatabase: Failed to get pending reports
[1008/120913.650:ERROR:prune_crash_reports.cc(36)] PruneCrashReportDatabase: Failed to get pending reports
[1008/121556.854:ERROR:prune_crash_reports.cc(36)] PruneCrashReportDatabase: Failed to get pending reports
[1008/121652.665:ERROR:prune_crash_reports.cc(36)] PruneCrashReportDatabase: Failed to get pending reports
[1008/121807.485:ERROR:prune_crash_reports.cc(36)] PruneCrashReportDatabase: Failed to get pending reports
[1008/121949.625:ERROR:prune_crash_reports.cc(36)] PruneCrashReportDatabase: Failed to get pending reports
[1008/122103.348:ERROR:prune_crash_reports.cc(36)] PruneCrashReportDatabase: Failed to get pending reports
[1008/122227.045:ERROR:prune_crash_reports.cc(36)] PruneCrashReportDatabase: Failed to get pending reports
[1008/122416.467:ERROR:prune_crash_reports.cc(36)] PruneCrashReportDatabase: Failed to get pending reports
[1008/123015.122:ERROR:prune_crash_reports.cc(36)] PruneCrashReportDatabase: Failed to get pending reports
[1008/123124.718:ERROR:prune_crash_reports.cc(36)] PruneCrashReportDatabase: Failed to get pending reports
[1008/131122.394:ERROR:prune_crash_reports.cc(36)] PruneCrashReportDatabase: Failed to get pending reports
[1008/131138.224:ERROR:prune_crash_reports.cc(36)] PruneCrashReportDatabase: Failed to get pending reports
[1008/131709.440:ERROR:prune_crash_reports.cc(36)] PruneCrashReportDatabase: Failed to get pending reports
[1008/131725.217:ERROR:prune_crash_reports.cc(36)] PruneCrashReportDatabase: Failed to get pending reports
[1008/131741.484:ERROR:prune_crash_reports.cc(36)] PruneCrashReportDatabase: Failed to get pending reports
[1008/132010.149:ERROR:prune_crash_reports.cc(36)] PruneCrashReportDatabase: Failed to get pending reports
[1008/132016.669:ERROR:prune_crash_reports.cc(36)] PruneCrashReportDatabase: Failed to get pending reports
[1008/132104.550:ERROR:prune_crash_reports.cc(36)] PruneCrashReportDatabase: Failed to get pending reports
[1008/132216.490:ERROR:prune_crash_reports.cc(36)] PruneCrashReportDatabase: Failed to get pending reports
[1008/143925.630:ERROR:prune_crash_reports.cc(36)] PruneCrashReportDatabase: Failed to get pending reports
[1008/144042.344:ERROR:prune_crash_reports.cc(36)] PruneCrashReportDatabase: Failed to get pending reports
[1008/145036.806:ERROR:prune_crash_reports.cc(36)] PruneCrashReportDatabase: Failed to get pending reports
[1008/145540.115:ERROR:prune_crash_reports.cc(36)] PruneCrashReportDatabase: Failed to get pending reports
[1008/150038.752:ERROR:prune_crash_reports.cc(36)] PruneCrashReportDatabase: Failed to get pending reports
[1008/150933.056:ERROR:prune_crash_reports.cc(36)] PruneCrashReportDatabase: Failed to get pending reports
[1008/151318.741:ERROR:prune_crash_reports.cc(36)] PruneCrashReportDatabase: Failed to get pending reports
[1008/152004.348:ERROR:prune_crash_reports.cc(36)] PruneCrashReportDatabase: Failed to get pending reports
[1008/152459.049:ERROR:prune_crash_reports.cc(36)] PruneCrashReportDatabase: Failed to get pending reports
[1008/152713.661:ERROR:prune_crash_reports.cc(36)] PruneCrashReportDatabase: Failed to get pending reports
[1008/153736.428:ERROR:prune_crash_reports.cc(36)] PruneCrashReportDatabase: Failed to get pending reports
[1008/154400.584:ERROR:prune_crash_reports.cc(36)] PruneCrashReportDatabase: Failed to get pending reports
[1008/154744.359:ERROR:prune_crash_reports.cc(36)] PruneCrashReportDatabase: Failed to get pending reports
[1008/154800.894:ERROR:prune_crash_reports.cc(36)] PruneCrashReportDatabase: Failed to get pending reports
[1008/154809.022:ERROR:prune_crash_reports.cc(36)] PruneCrashReportDatabase: Failed to get pending reports
[1008/155030.121:ERROR:prune_crash_reports.cc(36)] PruneCrashReportDatabase: Failed to get pending reports
[1008/155324.180:ERROR:prune_crash_reports.cc(36)] PruneCrashReportDatabase: Failed to get pending reports
[1008/155529.660:ERROR:prune_crash_reports.cc(36)] PruneCrashReportDatabase: Failed to get pending reports
[1008/155902.094:ERROR:prune_crash_reports.cc(36)] PruneCrashReportDatabase: Failed to get pending reports
[1008/155919.383:ERROR:prune_crash_reports.cc(36)] PruneCrashReportDatabase: Failed to get pending reports
[1008/155927.021:ERROR:prune_crash_reports.cc(36)] PruneCrashReportDatabase: Failed to get pending reports
[1008/160227.982:ERROR:prune_crash_reports.cc(36)] PruneCrashReportDatabase: Failed to get pending reports
[1008/160258.413:ERROR:prune_crash_reports.cc(36)] PruneCrashReportDatabase: Failed to get pending reports
[1008/160549.202:ERROR:prune_crash_reports.cc(36)] PruneCrashReportDatabase: Failed to get pending reports
[1008/160608.295:ERROR:prune_crash_reports.cc(36)] PruneCrashReportDatabase: Failed to get pending reports
[1008/160620.985:ERROR:prune_crash_reports.cc(36)] PruneCrashReportDatabase: Failed to get pending reports
[1008/160855.977:ERROR:prune_crash_reports.cc(36)] PruneCrashReportDatabase: Failed to get pending reports
[1008/160916.122:ERROR:prune_crash_reports.cc(36)] PruneCrashReportDatabase: Failed to get pending reports
[1008/160929.718:ERROR:prune_crash_reports.cc(36)] PruneCrashReportDatabase: Failed to get pending reports
[1008/161159.659:ERROR:prune_crash_reports.cc(36)] PruneCrashReportDatabase: Failed to get pending reports
[1008/161224.863:ERROR:prune_crash_reports.cc(36)] PruneCrashReportDatabase: Failed to get pending reports
[1008/161419.298:ERROR:prune_crash_reports.cc(36)] PruneCrashReportDatabase: Failed to get pending reports
[1008/161438.378:ERROR:prune_crash_reports.cc(36)] PruneCrashReportDatabase: Failed to get pending reports
[1008/161450.740:ERROR:prune_crash_reports.cc(36)] PruneCrashReportDatabase: Failed to get pending reports
[1008/161729.719:ERROR:prune_crash_reports.cc(36)] PruneCrashReportDatabase: Failed to get pending reports
[1008/161924.766:ERROR:prune_crash_reports.cc(36)] PruneCrashReportDatabase: Failed to get pending reports
[1008/163132.238:ERROR:prune_crash_reports.cc(36)] PruneCrashReportDatabase: Failed to get pending reports
[1008/163151.261:ERROR:prune_crash_reports.cc(36)] PruneCrashReportDatabase: Failed to get pending reports
[1008/163203.553:ERROR:prune_crash_reports.cc(36)] PruneCrashReportDatabase: Failed to get pending reports
[1008/165155.610:ERROR:prune_crash_reports.cc(36)] PruneCrashReportDatabase: Failed to get pending reports
[1008/165229.307:ERROR:prune_crash_reports.cc(36)] PruneCrashReportDatabase: Failed to get pending reports
[1008/174556.591:ERROR:prune_crash_reports.cc(36)] PruneCrashReportDatabase: Failed to get pending reports
[1008/174615.214:ERROR:prune_crash_reports.cc(36)] PruneCrashReportDatabase: Failed to get pending reports
[1008/174627.862:ERROR:prune_crash_reports.cc(36)] PruneCrashReportDatabase: Failed to get pending reports
[1008/181456.657:ERROR:prune_crash_reports.cc(36)] PruneCrashReportDatabase: Failed to get pending reports
[1008/181516.643:ERROR:prune_crash_reports.cc(36)] PruneCrashReportDatabase: Failed to get pending reports
[1008/181529.094:ERROR:prune_crash_reports.cc(36)] PruneCrashReportDatabase: Failed to get pending reports
[1009/104230.234:ERROR:prune_crash_reports.cc(36)] PruneCrashReportDatabase: Failed to get pending reports
[1009/104241.781:ERROR:prune_crash_reports.cc(36)] PruneCrashReportDatabase: Failed to get pending reports
[1009/104250.771:ERROR:prune_crash_reports.cc(36)] PruneCrashReportDatabase: Failed to get pending reports
[1009/154202.090:ERROR:filesystem_win.cc(129)] GetFileAttributes C:\Users\taydz\AppData\Local\Temp\scoped_dir41652_1643019187\Crashpad\attachments\ddb5b251-f4cd-44c4-956f-a8cc0a107b96: The system cannot find the path specified. (0x3)
[1009/154333.397:ERROR:filesystem_win.cc(129)] GetFileAttributes C:\Users\taydz\AppData\Local\Temp\scoped_dir22488_1123509013\Crashpad\attachments\ec046b33-d1dd-4038-8939-3f1a62eecfca: The system cannot find the path specified. (0x3)
[1009/154333.827:ERROR:process_reader_win.cc(155)] SuspendThread: Access is denied. (0x5)
[1009/154333.827:ERROR:exception_snapshot_win.cc(100)] thread ID 32372 not found in process
[1009/154333.844:ERROR:process_memory_win.cc(73)] ReadMemory at 0xd1cfaed000 of 852 bytes failed: Only part of a ReadProcessMemory or WriteProcessMemory request was completed. (0x12B)
[1009/154333.845:ERROR:process_snapshot_win.cc(411)] ReadMemory PEB
[1009/154513.225:ERROR:filesystem_win.cc(129)] GetFileAttributes C:\Users\taydz\AppData\Local\Temp\scoped_dir34852_488280377\Crashpad\attachments\01f135ed-754a-4ddc-b04a-bdd171152fc5: The system cannot find the path specified. (0x3)
